[2022-10-11 09:13:29,897][set_app.py 53][INFO]: APP启动并允许所有权限！
[2022-10-11 09:13:51,887][set_app.py 76][INFO]: 使用密码登录成功，用例无异常！
[2022-10-11 09:14:31,126][set_app.py 192][INFO]: 地址自动获取成功，用例正常！
[2022-10-11 09:14:42,240][set_app.py 173][INFO]: 使点击地址后，地图确认发生了变化，用例无异常！
[2022-10-11 09:14:46,066][set_app.py 554][INFO]: 退出登录成功，用例无异常！
[2022-10-11 09:14:49,576][set_app.py 103][INFO]: 判断是否记住密码用例通过，无异常！
[2022-10-11 09:14:52,192][set_app.py 60][INFO]: APP关闭！
[2022-10-11 09:15:25,071][set_app.py 53][INFO]: APP启动并允许所有权限！
[2022-10-11 09:15:25,071][set_app.py 53][INFO]: APP启动并允许所有权限！
[2022-10-11 09:15:45,707][set_app.py 94][INFO]: 使用密码登录成功，用例无异常！
[2022-10-11 09:15:45,707][set_app.py 94][INFO]: 使用密码登录成功，用例无异常！
[2022-10-11 09:15:53,305][set_app.py 267][INFO]: 输入语音:  打开所有空调获得响应为：好的，正在为您打开所有空调
[2022-10-11 09:15:53,305][set_app.py 267][INFO]: 输入语音:  打开所有空调获得响应为：好的，正在为您打开所有空调
[2022-10-11 09:15:59,225][set_app.py 269][INFO]: 输入语音:  打开卧室空调获得响应为：好的，正在为您打开卧室空调
[2022-10-11 09:15:59,225][set_app.py 269][INFO]: 输入语音:  打开卧室空调获得响应为：好的，正在为您打开卧室空调
[2022-10-11 09:16:05,046][set_app.py 271][INFO]: 输入语音:  开始空调获得响应为：问题听懂了，可惜我还不会回答您，我去学习了
[2022-10-11 09:16:05,046][set_app.py 271][INFO]: 输入语音:  开始空调获得响应为：问题听懂了，可惜我还不会回答您，我去学习了
[2022-10-11 09:16:10,789][set_app.py 273][INFO]: 输入语音:  关闭空调获得响应为：请指定具体的具体的空调名称（中文）
[2022-10-11 09:16:10,789][set_app.py 273][INFO]: 输入语音:  关闭空调获得响应为：请指定具体的具体的空调名称（中文）
[2022-10-11 09:16:32,507][set_app.py 554][INFO]: 退出登录成功，用例无异常！
[2022-10-11 09:16:32,507][set_app.py 554][INFO]: 退出登录成功，用例无异常！
[2022-10-11 09:16:54,272][set_app.py 94][INFO]: 使用密码登录成功，用例无异常！
[2022-10-11 09:16:54,272][set_app.py 94][INFO]: 使用密码登录成功，用例无异常！
[2022-10-11 09:17:07,432][set_app.py 60][INFO]: APP关闭！
[2022-10-11 09:17:07,432][set_app.py 60][INFO]: APP关闭！
[2022-10-11 09:17:40,564][set_app.py 53][INFO]: APP启动并允许所有权限！
[2022-10-11 09:17:40,564][set_app.py 53][INFO]: APP启动并允许所有权限！
[2022-10-11 09:17:40,564][set_app.py 53][INFO]: APP启动并允许所有权限！
[2022-10-11 09:18:01,165][set_app.py 94][INFO]: 使用密码登录成功，用例无异常！
[2022-10-11 09:18:01,165][set_app.py 94][INFO]: 使用密码登录成功，用例无异常！
[2022-10-11 09:18:01,165][set_app.py 94][INFO]: 使用密码登录成功，用例无异常！
[2022-10-11 09:18:27,311][set_app.py 324][INFO]: 头像更换成功，用例无异常！
[2022-10-11 09:18:27,311][set_app.py 324][INFO]: 头像更换成功，用例无异常！
[2022-10-11 09:18:27,311][set_app.py 324][INFO]: 头像更换成功，用例无异常！
[2022-10-11 09:18:42,229][set_app.py 60][INFO]: APP关闭！
[2022-10-11 09:18:42,229][set_app.py 60][INFO]: APP关闭！
[2022-10-11 09:18:42,229][set_app.py 60][INFO]: APP关闭！
[2022-10-11 09:19:15,394][set_app.py 53][INFO]: APP启动并允许所有权限！
[2022-10-11 09:19:15,394][set_app.py 53][INFO]: APP启动并允许所有权限！
[2022-10-11 09:19:15,394][set_app.py 53][INFO]: APP启动并允许所有权限！
[2022-10-11 09:19:15,394][set_app.py 53][INFO]: APP启动并允许所有权限！
[2022-10-11 09:19:36,379][set_app.py 76][INFO]: 使用密码登录成功，用例无异常！
[2022-10-11 09:19:36,379][set_app.py 76][INFO]: 使用密码登录成功，用例无异常！
[2022-10-11 09:19:36,379][set_app.py 76][INFO]: 使用密码登录成功，用例无异常！
[2022-10-11 09:19:36,379][set_app.py 76][INFO]: 使用密码登录成功，用例无异常！
[2022-10-11 09:20:14,743][set_app.py 60][INFO]: APP关闭！
[2022-10-11 09:20:14,743][set_app.py 60][INFO]: APP关闭！
[2022-10-11 09:20:14,743][set_app.py 60][INFO]: APP关闭！
[2022-10-11 09:20:14,743][set_app.py 60][INFO]: APP关闭！
[2022-10-11 09:47:58,212][set_app.py 53][INFO]: APP启动并允许所有权限！
[2022-10-11 09:48:20,190][set_app.py 76][INFO]: 使用密码登录成功，用例无异常！
[2022-10-11 09:52:04,800][set_app.py 53][INFO]: APP启动并允许所有权限！
[2022-10-11 09:52:27,403][set_app.py 76][INFO]: 使用密码登录成功，用例无异常！
[2022-10-11 09:53:05,311][set_app.py 192][INFO]: 地址自动获取成功，用例正常！
[2022-10-11 09:53:16,588][set_app.py 173][INFO]: 使点击地址后，地图确认发生了变化，用例无异常！
[2022-10-11 09:53:20,421][set_app.py 554][INFO]: 退出登录成功，用例无异常！
[2022-10-11 09:53:23,849][set_app.py 103][INFO]: 判断是否记住密码用例通过，无异常！
[2022-10-11 09:53:26,284][set_app.py 60][INFO]: APP关闭！
[2022-10-11 09:53:59,482][set_app.py 53][INFO]: APP启动并允许所有权限！
[2022-10-11 09:53:59,482][set_app.py 53][INFO]: APP启动并允许所有权限！
[2022-10-11 09:54:20,483][set_app.py 94][INFO]: 使用密码登录成功，用例无异常！
[2022-10-11 09:54:20,483][set_app.py 94][INFO]: 使用密码登录成功，用例无异常！
[2022-10-11 09:54:28,171][set_app.py 267][INFO]: 输入语音:  打开所有空调获得响应为：好的，正在为您打开所有空调
[2022-10-11 09:54:28,171][set_app.py 267][INFO]: 输入语音:  打开所有空调获得响应为：好的，正在为您打开所有空调
[2022-10-11 09:54:33,901][set_app.py 269][INFO]: 输入语音:  打开卧室空调获得响应为：好的，正在为您打开卧室空调
[2022-10-11 09:54:33,901][set_app.py 269][INFO]: 输入语音:  打开卧室空调获得响应为：好的，正在为您打开卧室空调
[2022-10-11 09:54:39,815][set_app.py 271][INFO]: 输入语音:  开始空调获得响应为：问题听懂了，可惜我还不会回答您，我去学习了
[2022-10-11 09:54:39,815][set_app.py 271][INFO]: 输入语音:  开始空调获得响应为：问题听懂了，可惜我还不会回答您，我去学习了
[2022-10-11 09:54:45,750][set_app.py 273][INFO]: 输入语音:  关闭空调获得响应为：请指定具体的具体的空调名称（中文）
[2022-10-11 09:54:45,750][set_app.py 273][INFO]: 输入语音:  关闭空调获得响应为：请指定具体的具体的空调名称（中文）
[2022-10-11 09:54:57,475][set_app.py 60][INFO]: APP关闭！
[2022-10-11 09:54:57,475][set_app.py 60][INFO]: APP关闭！
[2022-10-11 09:55:30,078][set_app.py 53][INFO]: APP启动并允许所有权限！
[2022-10-11 09:55:30,078][set_app.py 53][INFO]: APP启动并允许所有权限！
[2022-10-11 09:55:30,078][set_app.py 53][INFO]: APP启动并允许所有权限！
[2022-10-11 09:55:51,731][set_app.py 94][INFO]: 使用密码登录成功，用例无异常！
[2022-10-11 09:55:51,731][set_app.py 94][INFO]: 使用密码登录成功，用例无异常！
[2022-10-11 09:55:51,731][set_app.py 94][INFO]: 使用密码登录成功，用例无异常！
[2022-10-11 09:56:19,629][set_app.py 324][INFO]: 头像更换成功，用例无异常！
[2022-10-11 09:56:19,629][set_app.py 324][INFO]: 头像更换成功，用例无异常！
[2022-10-11 09:56:19,629][set_app.py 324][INFO]: 头像更换成功，用例无异常！
[2022-10-11 09:56:34,956][set_app.py 60][INFO]: APP关闭！
[2022-10-11 09:56:34,956][set_app.py 60][INFO]: APP关闭！
[2022-10-11 09:56:34,956][set_app.py 60][INFO]: APP关闭！
[2022-10-11 09:57:09,449][set_app.py 53][INFO]: APP启动并允许所有权限！
[2022-10-11 09:57:09,449][set_app.py 53][INFO]: APP启动并允许所有权限！
[2022-10-11 09:57:09,449][set_app.py 53][INFO]: APP启动并允许所有权限！
[2022-10-11 09:57:09,449][set_app.py 53][INFO]: APP启动并允许所有权限！
[2022-10-11 09:57:30,414][set_app.py 76][INFO]: 使用密码登录成功，用例无异常！
[2022-10-11 09:57:30,414][set_app.py 76][INFO]: 使用密码登录成功，用例无异常！
[2022-10-11 09:57:30,414][set_app.py 76][INFO]: 使用密码登录成功，用例无异常！
[2022-10-11 09:57:30,414][set_app.py 76][INFO]: 使用密码登录成功，用例无异常！
[2022-10-11 09:58:08,840][set_app.py 60][INFO]: APP关闭！
[2022-10-11 09:58:08,840][set_app.py 60][INFO]: APP关闭！
[2022-10-11 09:58:08,840][set_app.py 60][INFO]: APP关闭！
[2022-10-11 09:58:08,840][set_app.py 60][INFO]: APP关闭！
[2022-10-11 10:21:36,595][set_app.py 53][INFO]: APP启动并允许所有权限！
[2022-10-11 10:21:58,897][set_app.py 76][INFO]: 使用密码登录成功，用例无异常！
[2022-10-11 10:22:14,530][set_app.py 103][INFO]: 判断是否记住密码用例通过，无异常！
[2022-10-11 10:22:16,782][set_app.py 60][INFO]: APP关闭！
[2022-10-11 10:23:30,505][set_app.py 53][INFO]: APP启动并允许所有权限！
[2022-10-11 10:23:49,023][set_app.py 103][INFO]: 判断是否记住密码用例通过，无异常！
[2022-10-11 10:23:51,284][set_app.py 60][INFO]: APP关闭！
[2022-10-11 10:24:48,667][set_app.py 53][INFO]: APP启动并允许所有权限！
[2022-10-11 10:25:11,177][set_app.py 76][INFO]: 使用密码登录成功，用例无异常！
[2022-10-11 10:25:48,371][set_app.py 192][INFO]: 地址自动获取成功，用例正常！
[2022-10-11 10:25:59,891][set_app.py 173][INFO]: 使点击地址后，地图确认发生了变化，用例无异常！
[2022-10-11 10:26:03,708][set_app.py 557][INFO]: 退出登录成功，用例无异常！
[2022-10-11 10:26:07,171][set_app.py 103][INFO]: 判断是否记住密码用例通过，无异常！
[2022-10-11 10:26:09,747][set_app.py 60][INFO]: APP关闭！
[2022-10-11 10:34:56,097][set_app.py 53][INFO]: APP启动并允许所有权限！
[2022-10-11 10:35:18,107][set_app.py 76][INFO]: 使用密码登录成功，用例无异常！
[2022-10-11 10:35:54,048][set_app.py 192][INFO]: 地址自动获取成功，用例正常！
[2022-10-11 10:36:05,420][set_app.py 173][INFO]: 使点击地址后，地图确认发生了变化，用例无异常！
[2022-10-11 10:36:09,707][set_app.py 557][INFO]: 退出登录成功，用例无异常！
[2022-10-11 10:36:13,044][set_app.py 103][INFO]: 判断是否记住密码用例通过，无异常！
[2022-10-11 10:36:15,644][set_app.py 60][INFO]: APP关闭！
[2022-10-11 10:41:00,805][set_app.py 53][INFO]: APP启动并允许所有权限！
[2022-10-11 10:41:24,230][set_app.py 76][INFO]: 使用密码登录成功，用例无异常！
[2022-10-11 10:41:42,188][set_app.py 103][INFO]: 判断是否记住密码用例通过，无异常！
[2022-10-11 10:41:44,692][set_app.py 60][INFO]: APP关闭！
[2022-10-11 10:42:20,146][set_app.py 53][INFO]: APP启动并允许所有权限！
[2022-10-11 10:42:20,146][set_app.py 53][INFO]: APP启动并允许所有权限！
[2022-10-11 10:42:40,777][set_app.py 94][INFO]: 使用密码登录成功，用例无异常！
[2022-10-11 10:42:40,777][set_app.py 94][INFO]: 使用密码登录成功，用例无异常！
[2022-10-11 10:42:48,448][set_app.py 267][INFO]: 输入语音:  打开所有空调获得响应为：好的，正在为您打开所有空调
[2022-10-11 10:42:48,448][set_app.py 267][INFO]: 输入语音:  打开所有空调获得响应为：好的，正在为您打开所有空调
[2022-10-11 10:42:54,355][set_app.py 269][INFO]: 输入语音:  打开卧室空调获得响应为：好的，正在为您打开卧室空调
[2022-10-11 10:42:54,355][set_app.py 269][INFO]: 输入语音:  打开卧室空调获得响应为：好的，正在为您打开卧室空调
[2022-10-11 10:43:00,195][set_app.py 271][INFO]: 输入语音:  开始空调获得响应为：问题听懂了，可惜我还不会回答您，我去学习了
[2022-10-11 10:43:00,195][set_app.py 271][INFO]: 输入语音:  开始空调获得响应为：问题听懂了，可惜我还不会回答您，我去学习了
[2022-10-11 10:43:06,081][set_app.py 273][INFO]: 输入语音:  关闭空调获得响应为：请指定具体的具体的空调名称（中文）
[2022-10-11 10:43:06,081][set_app.py 273][INFO]: 输入语音:  关闭空调获得响应为：请指定具体的具体的空调名称（中文）
[2022-10-11 10:43:27,783][set_app.py 557][INFO]: 退出登录成功，用例无异常！
[2022-10-11 10:43:27,783][set_app.py 557][INFO]: 退出登录成功，用例无异常！
[2022-10-11 10:43:50,230][set_app.py 94][INFO]: 使用密码登录成功，用例无异常！
[2022-10-11 10:43:50,230][set_app.py 94][INFO]: 使用密码登录成功，用例无异常！
[2022-10-11 10:44:04,105][set_app.py 60][INFO]: APP关闭！
[2022-10-11 10:44:04,105][set_app.py 60][INFO]: APP关闭！
[2022-10-11 10:44:39,923][set_app.py 53][INFO]: APP启动并允许所有权限！
[2022-10-11 10:44:39,923][set_app.py 53][INFO]: APP启动并允许所有权限！
[2022-10-11 10:44:39,923][set_app.py 53][INFO]: APP启动并允许所有权限！
[2022-10-11 10:45:03,583][set_app.py 94][INFO]: 使用密码登录成功，用例无异常！
[2022-10-11 10:45:03,583][set_app.py 94][INFO]: 使用密码登录成功，用例无异常！
[2022-10-11 10:45:03,583][set_app.py 94][INFO]: 使用密码登录成功，用例无异常！
[2022-10-11 10:45:30,732][set_app.py 324][INFO]: 头像更换成功，用例无异常！
[2022-10-11 10:45:30,732][set_app.py 324][INFO]: 头像更换成功，用例无异常！
[2022-10-11 10:45:30,732][set_app.py 324][INFO]: 头像更换成功，用例无异常！
[2022-10-11 10:45:42,243][set_app.py 60][INFO]: APP关闭！
[2022-10-11 10:45:42,243][set_app.py 60][INFO]: APP关闭！
[2022-10-11 10:45:42,243][set_app.py 60][INFO]: APP关闭！
[2022-10-11 10:46:22,917][set_app.py 53][INFO]: APP启动并允许所有权限！
[2022-10-11 10:46:22,917][set_app.py 53][INFO]: APP启动并允许所有权限！
[2022-10-11 10:46:22,917][set_app.py 53][INFO]: APP启动并允许所有权限！
[2022-10-11 10:46:22,917][set_app.py 53][INFO]: APP启动并允许所有权限！
[2022-10-11 10:46:43,918][set_app.py 76][INFO]: 使用密码登录成功，用例无异常！
[2022-10-11 10:46:43,918][set_app.py 76][INFO]: 使用密码登录成功，用例无异常！
[2022-10-11 10:46:43,918][set_app.py 76][INFO]: 使用密码登录成功，用例无异常！
[2022-10-11 10:46:43,918][set_app.py 76][INFO]: 使用密码登录成功，用例无异常！
[2022-10-11 10:47:21,155][set_app.py 60][INFO]: APP关闭！
[2022-10-11 10:47:21,155][set_app.py 60][INFO]: APP关闭！
[2022-10-11 10:47:21,155][set_app.py 60][INFO]: APP关闭！
[2022-10-11 10:47:21,155][set_app.py 60][INFO]: APP关闭！
[2022-10-11 10:53:00,479][set_app.py 53][INFO]: APP启动并允许所有权限！
[2022-10-11 10:53:22,405][set_app.py 76][INFO]: 使用密码登录成功，用例无异常！
[2022-10-11 10:54:00,947][set_app.py 192][INFO]: 地址自动获取成功，用例正常！
[2022-10-11 10:54:12,957][set_app.py 173][INFO]: 使点击地址后，地图确认发生了变化，用例无异常！
[2022-10-11 10:54:16,740][set_app.py 557][INFO]: 退出登录成功，用例无异常！
[2022-10-11 10:54:20,321][set_app.py 103][INFO]: 判断是否记住密码用例通过，无异常！
[2022-10-11 10:54:22,922][set_app.py 60][INFO]: APP关闭！
[2022-10-11 10:54:58,427][set_app.py 53][INFO]: APP启动并允许所有权限！
[2022-10-11 10:54:58,427][set_app.py 53][INFO]: APP启动并允许所有权限！
[2022-10-11 10:55:19,926][set_app.py 94][INFO]: 使用密码登录成功，用例无异常！
[2022-10-11 10:55:19,926][set_app.py 94][INFO]: 使用密码登录成功，用例无异常！
[2022-10-11 10:55:27,337][set_app.py 267][INFO]: 输入语音:  打开所有空调获得响应为：好的，正在为您打开所有空调
[2022-10-11 10:55:27,337][set_app.py 267][INFO]: 输入语音:  打开所有空调获得响应为：好的，正在为您打开所有空调
[2022-10-11 10:55:33,243][set_app.py 269][INFO]: 输入语音:  打开卧室空调获得响应为：好的，正在为您打开卧室空调
[2022-10-11 10:55:33,243][set_app.py 269][INFO]: 输入语音:  打开卧室空调获得响应为：好的，正在为您打开卧室空调
[2022-10-11 10:55:39,099][set_app.py 271][INFO]: 输入语音:  开始空调获得响应为：问题听懂了，可惜我还不会回答您，我去学习了
[2022-10-11 10:55:39,099][set_app.py 271][INFO]: 输入语音:  开始空调获得响应为：问题听懂了，可惜我还不会回答您，我去学习了
[2022-10-11 10:55:44,926][set_app.py 273][INFO]: 输入语音:  关闭空调获得响应为：请指定具体的具体的空调名称（中文）
[2022-10-11 10:55:44,926][set_app.py 273][INFO]: 输入语音:  关闭空调获得响应为：请指定具体的具体的空调名称（中文）
[2022-10-11 10:56:09,930][set_app.py 557][INFO]: 退出登录成功，用例无异常！
[2022-10-11 10:56:09,930][set_app.py 557][INFO]: 退出登录成功，用例无异常！
[2022-10-11 10:56:31,731][set_app.py 94][INFO]: 使用密码登录成功，用例无异常！
[2022-10-11 10:56:31,731][set_app.py 94][INFO]: 使用密码登录成功，用例无异常！
[2022-10-11 10:56:46,154][set_app.py 60][INFO]: APP关闭！
[2022-10-11 10:56:46,154][set_app.py 60][INFO]: APP关闭！
[2022-10-11 10:57:24,288][set_app.py 53][INFO]: APP启动并允许所有权限！
[2022-10-11 10:57:24,288][set_app.py 53][INFO]: APP启动并允许所有权限！
[2022-10-11 10:57:24,288][set_app.py 53][INFO]: APP启动并允许所有权限！
[2022-10-11 10:57:45,035][set_app.py 94][INFO]: 使用密码登录成功，用例无异常！
[2022-10-11 10:57:45,035][set_app.py 94][INFO]: 使用密码登录成功，用例无异常！
[2022-10-11 10:57:45,035][set_app.py 94][INFO]: 使用密码登录成功，用例无异常！
[2022-10-11 10:58:09,770][set_app.py 324][INFO]: 头像更换成功，用例无异常！
[2022-10-11 10:58:09,770][set_app.py 324][INFO]: 头像更换成功，用例无异常！
[2022-10-11 10:58:09,770][set_app.py 324][INFO]: 头像更换成功，用例无异常！
[2022-10-11 10:58:21,562][set_app.py 60][INFO]: APP关闭！
[2022-10-11 10:58:21,562][set_app.py 60][INFO]: APP关闭！
[2022-10-11 10:58:21,562][set_app.py 60][INFO]: APP关闭！
[2022-10-11 10:59:00,229][set_app.py 53][INFO]: APP启动并允许所有权限！
[2022-10-11 10:59:00,229][set_app.py 53][INFO]: APP启动并允许所有权限！
[2022-10-11 10:59:00,229][set_app.py 53][INFO]: APP启动并允许所有权限！
[2022-10-11 10:59:00,229][set_app.py 53][INFO]: APP启动并允许所有权限！
[2022-10-11 10:59:21,154][set_app.py 76][INFO]: 使用密码登录成功，用例无异常！
[2022-10-11 10:59:21,154][set_app.py 76][INFO]: 使用密码登录成功，用例无异常！
[2022-10-11 10:59:21,154][set_app.py 76][INFO]: 使用密码登录成功，用例无异常！
[2022-10-11 10:59:21,154][set_app.py 76][INFO]: 使用密码登录成功，用例无异常！
[2022-10-11 10:59:58,691][set_app.py 60][INFO]: APP关闭！
[2022-10-11 10:59:58,691][set_app.py 60][INFO]: APP关闭！
[2022-10-11 10:59:58,691][set_app.py 60][INFO]: APP关闭！
[2022-10-11 10:59:58,691][set_app.py 60][INFO]: APP关闭！
[2022-10-11 13:40:48,116][set_app.py 53][INFO]: APP启动并允许所有权限！
[2022-10-11 13:41:10,586][set_app.py 76][INFO]: 使用密码登录成功，用例无异常！
[2022-10-11 13:41:51,431][set_app.py 192][INFO]: 地址自动获取成功，用例正常！
[2022-10-11 13:42:03,207][set_app.py 173][INFO]: 使点击地址后，地图确认发生了变化，用例无异常！
[2022-10-11 13:42:07,050][set_app.py 557][INFO]: 退出登录成功，用例无异常！
[2022-10-11 13:42:10,628][set_app.py 103][INFO]: 判断是否记住密码用例通过，无异常！
[2022-10-11 13:42:13,286][set_app.py 60][INFO]: APP关闭！
[2022-10-11 13:42:46,716][set_app.py 53][INFO]: APP启动并允许所有权限！
[2022-10-11 13:42:46,716][set_app.py 53][INFO]: APP启动并允许所有权限！
[2022-10-11 13:43:08,100][set_app.py 94][INFO]: 使用密码登录成功，用例无异常！
[2022-10-11 13:43:08,100][set_app.py 94][INFO]: 使用密码登录成功，用例无异常！
[2022-10-11 13:43:15,625][set_app.py 267][INFO]: 输入语音:  打开所有空调获得响应为：好的，正在为您打开所有空调
[2022-10-11 13:43:15,625][set_app.py 267][INFO]: 输入语音:  打开所有空调获得响应为：好的，正在为您打开所有空调
[2022-10-11 13:43:21,646][set_app.py 269][INFO]: 输入语音:  打开卧室空调获得响应为：好的，正在为您打开卧室空调
[2022-10-11 13:43:21,646][set_app.py 269][INFO]: 输入语音:  打开卧室空调获得响应为：好的，正在为您打开卧室空调
[2022-10-11 13:43:27,551][set_app.py 271][INFO]: 输入语音:  开始空调获得响应为：问题听懂了，可惜我还不会回答您，我去学习了
[2022-10-11 13:43:27,551][set_app.py 271][INFO]: 输入语音:  开始空调获得响应为：问题听懂了，可惜我还不会回答您，我去学习了
[2022-10-11 13:43:33,365][set_app.py 273][INFO]: 输入语音:  关闭空调获得响应为：请指定具体的具体的空调名称（中文）
[2022-10-11 13:43:33,365][set_app.py 273][INFO]: 输入语音:  关闭空调获得响应为：请指定具体的具体的空调名称（中文）
[2022-10-11 13:43:46,561][set_app.py 60][INFO]: APP关闭！
[2022-10-11 13:43:46,561][set_app.py 60][INFO]: APP关闭！
[2022-10-11 13:44:19,405][set_app.py 53][INFO]: APP启动并允许所有权限！
[2022-10-11 13:44:19,405][set_app.py 53][INFO]: APP启动并允许所有权限！
[2022-10-11 13:44:19,405][set_app.py 53][INFO]: APP启动并允许所有权限！
[2022-10-11 13:44:40,042][set_app.py 94][INFO]: 使用密码登录成功，用例无异常！
[2022-10-11 13:44:40,042][set_app.py 94][INFO]: 使用密码登录成功，用例无异常！
[2022-10-11 13:44:40,042][set_app.py 94][INFO]: 使用密码登录成功，用例无异常！
[2022-10-11 13:45:05,698][set_app.py 324][INFO]: 头像更换成功，用例无异常！
[2022-10-11 13:45:05,698][set_app.py 324][INFO]: 头像更换成功，用例无异常！
[2022-10-11 13:45:05,698][set_app.py 324][INFO]: 头像更换成功，用例无异常！
[2022-10-11 13:45:16,835][set_app.py 60][INFO]: APP关闭！
[2022-10-11 13:45:16,835][set_app.py 60][INFO]: APP关闭！
[2022-10-11 13:45:16,835][set_app.py 60][INFO]: APP关闭！
[2022-10-11 13:45:52,381][set_app.py 53][INFO]: APP启动并允许所有权限！
[2022-10-11 13:45:52,381][set_app.py 53][INFO]: APP启动并允许所有权限！
[2022-10-11 13:45:52,381][set_app.py 53][INFO]: APP启动并允许所有权限！
[2022-10-11 13:45:52,381][set_app.py 53][INFO]: APP启动并允许所有权限！
[2022-10-11 13:46:13,372][set_app.py 76][INFO]: 使用密码登录成功，用例无异常！
[2022-10-11 13:46:13,372][set_app.py 76][INFO]: 使用密码登录成功，用例无异常！
[2022-10-11 13:46:13,372][set_app.py 76][INFO]: 使用密码登录成功，用例无异常！
[2022-10-11 13:46:13,372][set_app.py 76][INFO]: 使用密码登录成功，用例无异常！
[2022-10-11 13:46:50,020][set_app.py 60][INFO]: APP关闭！
[2022-10-11 13:46:50,020][set_app.py 60][INFO]: APP关闭！
[2022-10-11 13:46:50,020][set_app.py 60][INFO]: APP关闭！
[2022-10-11 13:46:50,020][set_app.py 60][INFO]: APP关闭！
[2022-10-11 13:54:49,053][set_app.py 53][INFO]: APP启动并允许所有权限！
[2022-10-11 13:55:11,064][set_app.py 76][INFO]: 使用密码登录成功，用例无异常！
[2022-10-11 13:55:50,863][set_app.py 192][INFO]: 地址自动获取成功，用例正常！
[2022-10-11 13:56:02,057][set_app.py 173][INFO]: 使点击地址后，地图确认发生了变化，用例无异常！
[2022-10-11 13:56:05,942][set_app.py 557][INFO]: 退出登录成功，用例无异常！
[2022-10-11 13:56:09,552][set_app.py 103][INFO]: 判断是否记住密码用例通过，无异常！
[2022-10-11 13:56:12,196][set_app.py 60][INFO]: APP关闭！
[2022-10-11 14:51:23,470][set_app.py 53][INFO]: APP启动并允许所有权限！
[2022-10-11 14:51:45,367][set_app.py 76][INFO]: 使用密码登录成功，用例无异常！
[2022-10-11 14:52:24,117][set_app.py 192][INFO]: 地址自动获取成功，用例正常！
[2022-10-11 14:52:35,708][set_app.py 173][INFO]: 使点击地址后，地图确认发生了变化，用例无异常！
[2022-10-11 14:52:39,531][set_app.py 557][INFO]: 退出登录成功，用例无异常！
[2022-10-11 14:52:43,084][set_app.py 103][INFO]: 判断是否记住密码用例通过，无异常！
[2022-10-11 14:52:45,637][set_app.py 60][INFO]: APP关闭！
[2022-10-11 15:21:12,914][set_app.py 53][INFO]: APP启动并允许所有权限！
[2022-10-11 15:21:35,434][set_app.py 76][INFO]: 使用密码登录成功，用例无异常！
[2022-10-11 15:22:15,640][set_app.py 192][INFO]: 地址自动获取成功，用例正常！
[2022-10-11 15:22:26,747][set_app.py 173][INFO]: 使点击地址后，地图确认发生了变化，用例无异常！
[2022-10-11 15:22:31,423][set_app.py 557][INFO]: 退出登录成功，用例无异常！
[2022-10-11 15:22:34,953][set_app.py 103][INFO]: 判断是否记住密码用例通过，无异常！
[2022-10-11 15:22:37,535][set_app.py 60][INFO]: APP关闭！
[2022-10-11 15:32:21,394][set_app.py 53][INFO]: APP启动并允许所有权限！
[2022-10-11 15:32:43,902][set_app.py 76][INFO]: 使用密码登录成功，用例无异常！
[2022-10-11 15:33:23,237][set_app.py 192][INFO]: 地址自动获取成功，用例正常！
[2022-10-11 15:33:34,244][set_app.py 173][INFO]: 使点击地址后，地图确认发生了变化，用例无异常！
[2022-10-11 15:33:38,181][set_app.py 557][INFO]: 退出登录成功，用例无异常！
[2022-10-11 15:33:41,695][set_app.py 103][INFO]: 判断是否记住密码用例通过，无异常！
[2022-10-11 15:33:44,304][set_app.py 60][INFO]: APP关闭！
[2022-10-11 15:49:53,488][set_app.py 53][INFO]: APP启动并允许所有权限！
[2022-10-11 15:50:12,002][set_app.py 103][INFO]: 判断是否记住密码用例通过，无异常！
[2022-10-11 15:50:14,271][set_app.py 60][INFO]: APP关闭！
[2022-10-11 15:51:26,992][set_app.py 53][INFO]: APP启动并允许所有权限！
[2022-10-11 15:51:48,965][set_app.py 76][INFO]: 使用密码登录成功，用例无异常！
[2022-10-11 15:52:27,897][set_app.py 192][INFO]: 地址自动获取成功，用例正常！
[2022-10-11 15:52:39,129][set_app.py 173][INFO]: 使点击地址后，地图确认发生了变化，用例无异常！
[2022-10-11 15:52:43,028][set_app.py 557][INFO]: 退出登录成功，用例无异常！
[2022-10-11 15:52:46,543][set_app.py 103][INFO]: 判断是否记住密码用例通过，无异常！
[2022-10-11 15:52:49,113][set_app.py 60][INFO]: APP关闭！
[2022-10-11 15:54:23,585][set_app.py 53][INFO]: APP启动并允许所有权限！
[2022-10-11 15:54:45,927][set_app.py 76][INFO]: 使用密码登录成功，用例无异常！
[2022-10-11 15:55:25,194][set_app.py 192][INFO]: 地址自动获取成功，用例正常！
[2022-10-11 15:55:36,465][set_app.py 173][INFO]: 使点击地址后，地图确认发生了变化，用例无异常！
[2022-10-11 15:55:40,297][set_app.py 557][INFO]: 退出登录成功，用例无异常！
[2022-10-11 15:55:44,235][set_app.py 103][INFO]: 判断是否记住密码用例通过，无异常！
[2022-10-11 15:55:46,808][set_app.py 60][INFO]: APP关闭！
[2022-10-11 15:56:22,408][set_app.py 53][INFO]: APP启动并允许所有权限！
[2022-10-11 15:56:22,408][set_app.py 53][INFO]: APP启动并允许所有权限！
[2022-10-11 15:56:43,014][set_app.py 94][INFO]: 使用密码登录成功，用例无异常！
[2022-10-11 15:56:43,014][set_app.py 94][INFO]: 使用密码登录成功，用例无异常！
[2022-10-11 15:56:50,471][set_app.py 267][INFO]: 输入语音:  打开所有空调获得响应为：好的，正在为您打开所有空调
[2022-10-11 15:56:50,471][set_app.py 267][INFO]: 输入语音:  打开所有空调获得响应为：好的，正在为您打开所有空调
[2022-10-11 15:56:56,312][set_app.py 269][INFO]: 输入语音:  打开卧室空调获得响应为：好的，正在为您打开卧室空调
[2022-10-11 15:56:56,312][set_app.py 269][INFO]: 输入语音:  打开卧室空调获得响应为：好的，正在为您打开卧室空调
[2022-10-11 15:57:02,267][set_app.py 271][INFO]: 输入语音:  开始空调获得响应为：问题听懂了，可惜我还不会回答您，我去学习了
[2022-10-11 15:57:02,267][set_app.py 271][INFO]: 输入语音:  开始空调获得响应为：问题听懂了，可惜我还不会回答您，我去学习了
[2022-10-11 15:57:08,150][set_app.py 273][INFO]: 输入语音:  关闭空调获得响应为：请指定具体的具体的空调名称（中文）
[2022-10-11 15:57:08,150][set_app.py 273][INFO]: 输入语音:  关闭空调获得响应为：请指定具体的具体的空调名称（中文）
[2022-10-11 15:57:30,626][set_app.py 557][INFO]: 退出登录成功，用例无异常！
[2022-10-11 15:57:30,626][set_app.py 557][INFO]: 退出登录成功，用例无异常！
[2022-10-11 15:57:49,275][set_app.py 60][INFO]: APP关闭！
[2022-10-11 15:57:49,275][set_app.py 60][INFO]: APP关闭！
[2022-10-11 15:58:26,801][set_app.py 53][INFO]: APP启动并允许所有权限！
[2022-10-11 15:58:26,801][set_app.py 53][INFO]: APP启动并允许所有权限！
[2022-10-11 15:58:26,801][set_app.py 53][INFO]: APP启动并允许所有权限！
[2022-10-11 15:58:47,410][set_app.py 94][INFO]: 使用密码登录成功，用例无异常！
[2022-10-11 15:58:47,410][set_app.py 94][INFO]: 使用密码登录成功，用例无异常！
[2022-10-11 15:58:47,410][set_app.py 94][INFO]: 使用密码登录成功，用例无异常！
[2022-10-11 15:59:13,049][set_app.py 324][INFO]: 头像更换成功，用例无异常！
[2022-10-11 15:59:13,049][set_app.py 324][INFO]: 头像更换成功，用例无异常！
[2022-10-11 15:59:13,049][set_app.py 324][INFO]: 头像更换成功，用例无异常！
[2022-10-11 16:00:02,312][set_app.py 53][INFO]: APP启动并允许所有权限！
[2022-10-11 16:00:02,312][set_app.py 53][INFO]: APP启动并允许所有权限！
[2022-10-11 16:00:02,312][set_app.py 53][INFO]: APP启动并允许所有权限！
[2022-10-11 16:00:02,312][set_app.py 53][INFO]: APP启动并允许所有权限！
[2022-10-11 16:00:23,363][set_app.py 76][INFO]: 使用密码登录成功，用例无异常！
[2022-10-11 16:00:23,363][set_app.py 76][INFO]: 使用密码登录成功，用例无异常！
[2022-10-11 16:00:23,363][set_app.py 76][INFO]: 使用密码登录成功，用例无异常！
[2022-10-11 16:00:23,363][set_app.py 76][INFO]: 使用密码登录成功，用例无异常！
[2022-10-11 16:01:02,205][set_app.py 60][INFO]: APP关闭！
[2022-10-11 16:01:02,205][set_app.py 60][INFO]: APP关闭！
[2022-10-11 16:01:02,205][set_app.py 60][INFO]: APP关闭！
[2022-10-11 16:01:02,205][set_app.py 60][INFO]: APP关闭！
[2022-10-11 16:09:30,119][set_app.py 53][INFO]: APP启动并允许所有权限！
[2022-10-11 16:09:52,060][set_app.py 76][INFO]: 使用密码登录成功，用例无异常！
[2022-10-11 16:10:30,642][set_app.py 192][INFO]: 地址自动获取成功，用例正常！
[2022-10-11 16:10:42,187][set_app.py 173][INFO]: 使点击地址后，地图确认发生了变化，用例无异常！
[2022-10-11 16:10:45,939][set_app.py 557][INFO]: 退出登录成功，用例无异常！
[2022-10-11 16:10:49,441][set_app.py 103][INFO]: 判断是否记住密码用例通过，无异常！
[2022-10-11 16:10:52,333][set_app.py 60][INFO]: APP关闭！
[2022-10-11 16:11:29,124][set_app.py 53][INFO]: APP启动并允许所有权限！
[2022-10-11 16:11:29,124][set_app.py 53][INFO]: APP启动并允许所有权限！
[2022-10-11 16:11:51,835][set_app.py 94][INFO]: 使用密码登录成功，用例无异常！
[2022-10-11 16:11:51,835][set_app.py 94][INFO]: 使用密码登录成功，用例无异常！
[2022-10-11 16:11:59,370][set_app.py 267][INFO]: 输入语音:  打开所有空调获得响应为：好的，正在为您打开所有空调
[2022-10-11 16:11:59,370][set_app.py 267][INFO]: 输入语音:  打开所有空调获得响应为：好的，正在为您打开所有空调
[2022-10-11 16:12:05,314][set_app.py 269][INFO]: 输入语音:  打开卧室空调获得响应为：好的，正在为您打开卧室空调
[2022-10-11 16:12:05,314][set_app.py 269][INFO]: 输入语音:  打开卧室空调获得响应为：好的，正在为您打开卧室空调
[2022-10-11 16:12:11,134][set_app.py 271][INFO]: 输入语音:  开始空调获得响应为：问题听懂了，可惜我还不会回答您，我去学习了
[2022-10-11 16:12:11,134][set_app.py 271][INFO]: 输入语音:  开始空调获得响应为：问题听懂了，可惜我还不会回答您，我去学习了
[2022-10-11 16:12:17,123][set_app.py 273][INFO]: 输入语音:  关闭空调获得响应为：请指定具体的具体的空调名称（中文）
[2022-10-11 16:12:17,123][set_app.py 273][INFO]: 输入语音:  关闭空调获得响应为：请指定具体的具体的空调名称（中文）
[2022-10-11 16:12:40,162][set_app.py 557][INFO]: 退出登录成功，用例无异常！
[2022-10-11 16:12:40,162][set_app.py 557][INFO]: 退出登录成功，用例无异常！
[2022-10-11 16:12:59,840][set_app.py 60][INFO]: APP关闭！
[2022-10-11 16:12:59,840][set_app.py 60][INFO]: APP关闭！
[2022-10-11 16:13:36,056][set_app.py 53][INFO]: APP启动并允许所有权限！
[2022-10-11 16:13:36,056][set_app.py 53][INFO]: APP启动并允许所有权限！
[2022-10-11 16:13:36,056][set_app.py 53][INFO]: APP启动并允许所有权限！
[2022-10-11 16:13:58,696][set_app.py 94][INFO]: 使用密码登录成功，用例无异常！
[2022-10-11 16:13:58,696][set_app.py 94][INFO]: 使用密码登录成功，用例无异常！
[2022-10-11 16:13:58,696][set_app.py 94][INFO]: 使用密码登录成功，用例无异常！
[2022-10-11 16:14:26,210][set_app.py 324][INFO]: 头像更换成功，用例无异常！
[2022-10-11 16:14:26,210][set_app.py 324][INFO]: 头像更换成功，用例无异常！
[2022-10-11 16:14:26,210][set_app.py 324][INFO]: 头像更换成功，用例无异常！
[2022-10-11 16:14:39,908][set_app.py 60][INFO]: APP关闭！
[2022-10-11 16:14:39,908][set_app.py 60][INFO]: APP关闭！
[2022-10-11 16:14:39,908][set_app.py 60][INFO]: APP关闭！
[2022-10-11 16:15:19,058][set_app.py 53][INFO]: APP启动并允许所有权限！
[2022-10-11 16:15:19,058][set_app.py 53][INFO]: APP启动并允许所有权限！
[2022-10-11 16:15:19,058][set_app.py 53][INFO]: APP启动并允许所有权限！
[2022-10-11 16:15:19,058][set_app.py 53][INFO]: APP启动并允许所有权限！
[2022-10-11 16:15:41,087][set_app.py 76][INFO]: 使用密码登录成功，用例无异常！
[2022-10-11 16:15:41,087][set_app.py 76][INFO]: 使用密码登录成功，用例无异常！
[2022-10-11 16:15:41,087][set_app.py 76][INFO]: 使用密码登录成功，用例无异常！
[2022-10-11 16:15:41,087][set_app.py 76][INFO]: 使用密码登录成功，用例无异常！
[2022-10-11 16:16:22,126][set_app.py 60][INFO]: APP关闭！
[2022-10-11 16:16:22,126][set_app.py 60][INFO]: APP关闭！
[2022-10-11 16:16:22,126][set_app.py 60][INFO]: APP关闭！
[2022-10-11 16:16:22,126][set_app.py 60][INFO]: APP关闭！
[2022-10-11 17:01:21,825][set_app.py 53][INFO]: APP启动并允许所有权限！
[2022-10-11 17:01:44,473][set_app.py 94][INFO]: 使用密码登录成功，用例无异常！
[2022-10-11 17:01:51,875][set_app.py 267][INFO]: 输入语音:  打开所有空调获得响应为：好的，正在为您打开所有空调
[2022-10-11 17:02:14,515][set_app.py 557][INFO]: 退出登录成功，用例无异常！
[2022-10-11 17:02:38,512][set_app.py 94][INFO]: 使用密码登录成功，用例无异常！
[2022-10-11 17:02:52,427][set_app.py 60][INFO]: APP关闭！
[2022-10-11 17:05:39,558][set_app.py 53][INFO]: APP启动并允许所有权限！
[2022-10-11 17:06:02,195][set_app.py 94][INFO]: 使用密码登录成功，用例无异常！
[2022-10-11 17:06:09,577][set_app.py 267][INFO]: 输入语音:  打开所有空调获得响应为：好的，正在为您打开所有空调
[2022-10-11 17:06:31,966][set_app.py 557][INFO]: 退出登录成功，用例无异常！
[2022-10-11 17:06:55,813][set_app.py 94][INFO]: 使用密码登录成功，用例无异常！
[2022-10-11 17:07:08,996][set_app.py 60][INFO]: APP关闭！
[2022-10-11 17:20:14,420][set_app.py 53][INFO]: APP启动并允许所有权限！
[2022-10-11 17:20:37,077][set_app.py 94][INFO]: 使用密码登录成功，用例无异常！
[2022-10-11 17:20:44,480][set_app.py 267][INFO]: 输入语音:  打开所有空调获得响应为：好的，正在为您打开所有空调
[2022-10-11 17:21:06,176][set_app.py 557][INFO]: 退出登录成功，用例无异常！
[2022-10-11 17:21:30,041][set_app.py 94][INFO]: 使用密码登录成功，用例无异常！
[2022-10-11 17:22:02,628][set_app.py 60][INFO]: APP关闭！
